TagLib: Could not open file /home/user/Music/Seneca.mp3/2. Will Stetson - Writing on the Wall (Nightcore Ver.).flac
TagLib: Could not open file /home/user/Music/Seneca.mp3/Novo Amor/Novo Amor Gia Margaret - Lucky For You.mp3
TagLib: Could not open file /home/user/Music/Seneca.mp3/video games gracie abrams (cover).flac
TagLib: Could not open file /home/user/Music/Seneca.mp3/こっちのけんと - Hai Yorokonde.mp3
TagLib: Could not open file /home/user/Music/Seneca.mp3/sign crushes motorist - Wish.mp3
TagLib: Could not open file /home/user/Music/Seneca.mp3/sign crushes motorist - Wish.mp3
TagLib: Could not open file /home/user/Music/Seneca.mp3/sign crushes motorist - Wish.mp3
TagLib: Could not open file /home/user/Music/Seneca.mp3/sign crushes motorist - Wish.mp3
TagLib: Could not open file /home/user/Music/Seneca.mp3/Coyote Theory - This Side of Paradise.mp3
TagLib: Could not open file /home/user/Music/Seneca.mp3/Alex G - Things to Do.mp3
TagLib: Could not open file /home/user/Music/Seneca.mp3/Alex G - Things to Do.mp3
TagLib: Could not open file /home/user/Music/Seneca.mp3/Lana Del Rey - Margaret (feat. Bleachers).mp3
TagLib: Could not open file /home/user/Music/Seneca.mp3/Lana Del Rey - Margaret (feat. Bleachers).mp3
TagLib: Could not open file /home/user/Music/Seneca.mp3/Random playlist/not real/Rival Consoles - I Love This, I Love You.mp3
TagLib: Could not open file /home/user/Music/Seneca.mp3/OSTs/Dragkengard 3 (Drag on Dragoon 3) OST/Additional/2-01. Keiichi Okabe - Kuroiuta.flac
TagLib: Could not open file /home/user/Music/Seneca.mp3/ZØMB - GLAMOROUS TYPE!.mp3
TagLib: Could not open file /home/user/Music/Seneca.mp3/Delaney Bailey - j's lullaby (darlin' i'd wait for you).mp3
TagLib: Could not open file /home/user/Music/Seneca.mp3/Maren Morris - Kiss the Sky (from The Wild Robot).mp3
TagLib: Could not open file /home/user/Music/Seneca.mp3/Albums/Pendulum/In Silico/1.03 - Propane Nightmares.mp3
TagLib: Could not open file /home/user/Music/Seneca.mp3/OSTs/Dragkengard 3 (Drag on Dragoon 3) OST/Additional/2-01. Keiichi Okabe - Kuroiuta.flac
